<?xml version="1.0" encoding="UTF-8"?>
<!-- Generated by org.testng.reporters.JUnitReportReporter -->
<testsuite hostname="Sireena-PC" failures="0" tests="1" name="localTestsoso" time="0.030" errors="0" timestamp="2024-06-02T03:15:49 EET" skipped="0">
  <testcase classname="localTestsoso" name="myTest" time="0.030"/>
  <system-out/>
</testsuite> <!-- localTestsoso -->
